android-shell-app/versioned-abis/expoview-abi36_0_0/build/intermediates/manifest_merge_blame_file/debug/manifest-merger-blame-debug-report.txt
1<?xml version="1.0" encoding="utf-8"?>
2<manifest xmlns:android="http://schemas.android.com/apk/res/android"
3    xmlns:tools="http://schemas.android.com/tools"
4    package="abi36_0_0.host.exp.expoview"
5    android:versionCode="1"
6    android:versionName="1.0" >
7
8    <uses-sdk
9        android:minSdkVersion="21"
9-->src/main/AndroidManifest.xml
10        android:targetSdkVersion="29" />
10-->src/main/AndroidManifest.xml
11
12    <uses-permission android:name="android.permission.INTERNET" />
12-->src/main/AndroidManifest.xml:6:5-67
12-->src/main/AndroidManifest.xml:6:22-64
13    <uses-permission android:name="com.android.launcher.permission.INSTALL_SHORTCUT" />
13-->src/main/AndroidManifest.xml:7:5-88
13-->src/main/AndroidManifest.xml:7:22-85
14    <uses-permission android:name="android.permission.SYSTEM_ALERT_WINDOW" />
14-->src/main/AndroidManifest.xml:8:5-78
14-->src/main/AndroidManifest.xml:8:22-75
15    <uses-permission android:name="android.permission.WAKE_LOCK" />
15-->src/main/AndroidManifest.xml:9:5-68
15-->src/main/AndroidManifest.xml:9:22-65
16    <uses-permission android:name="host.exp.exponent.permission.C2D_MESSAGE" />
16-->src/main/AndroidManifest.xml:10:5-80
16-->src/main/AndroidManifest.xml:10:22-77
17    <uses-permission android:name="android.permission.READ_INTERNAL_STORAGE" />
17-->src/main/AndroidManifest.xml:11:5-80
17-->src/main/AndroidManifest.xml:11:22-77
18    <uses-permission android:name="android.permission.ACCESS_NETWORK_STATE" />
18-->src/main/AndroidManifest.xml:12:5-79
18-->src/main/AndroidManifest.xml:12:22-76
19    <uses-permission android:name="android.permission.MANAGE_DOCUMENTS" />
19-->src/main/AndroidManifest.xml:13:5-75
19-->src/main/AndroidManifest.xml:13:22-72
20    <uses-permission android:name="android.permission.USE_FINGERPRINT" />
20-->src/main/AndroidManifest.xml:14:5-74
20-->src/main/AndroidManifest.xml:14:22-71
21    <uses-permission android:name="android.permission.MODIFY_AUDIO_SETTINGS" />
21-->src/main/AndroidManifest.xml:15:5-80
21-->src/main/AndroidManifest.xml:15:22-77
22
23    <!-- These require runtime permissions on M -->
24    <!-- All of these must be in the blacklist in xdl/src/detach/AndroidShellApp.js as well -->
25    <uses-permission android:name="android.permission.READ_CONTACTS" />
25-->src/main/AndroidManifest.xml:19:5-72
25-->src/main/AndroidManifest.xml:19:22-69
26    <uses-permission android:name="android.permission.READ_CALENDAR" />
26-->src/main/AndroidManifest.xml:20:5-72
26-->src/main/AndroidManifest.xml:20:22-69
27    <uses-permission android:name="android.permission.WRITE_CALENDAR" />
27-->src/main/AndroidManifest.xml:21:5-73
27-->src/main/AndroidManifest.xml:21:22-70
28    <uses-permission android:name="android.permission.READ_EXTERNAL_STORAGE" />
28-->src/main/AndroidManifest.xml:22:5-80
28-->src/main/AndroidManifest.xml:22:22-77
29    <uses-permission android:name="android.permission.WRITE_EXTERNAL_STORAGE" />
29-->src/main/AndroidManifest.xml:23:5-81
29-->src/main/AndroidManifest.xml:23:22-78
30    <uses-permission android:name="android.permission.CAMERA" />
30-->src/main/AndroidManifest.xml:24:5-65
30-->src/main/AndroidManifest.xml:24:22-62
31    <uses-permission android:name="android.permission.ACCESS_COARSE_LOCATION" />
31-->src/main/AndroidManifest.xml:25:5-81
31-->src/main/AndroidManifest.xml:25:22-78
32    <uses-permission android:name="android.permission.ACCESS_FINE_LOCATION" />
32-->src/main/AndroidManifest.xml:26:5-79
32-->src/main/AndroidManifest.xml:26:22-76
33
34    <uses-feature
34-->src/main/AndroidManifest.xml:28:5-30:36
35        android:name="android.hardware.camera"
35-->src/main/AndroidManifest.xml:29:9-47
36        android:required="false" />
36-->src/main/AndroidManifest.xml:30:9-33
37    <uses-feature
37-->src/main/AndroidManifest.xml:31:5-33:36
38        android:name="android.hardware.camera.autofocus"
38-->src/main/AndroidManifest.xml:32:9-57
39        android:required="false" />
39-->src/main/AndroidManifest.xml:33:9-33
40    <uses-feature
40-->src/main/AndroidManifest.xml:34:5-36:36
41        android:name="android.hardware.location"
41-->src/main/AndroidManifest.xml:35:9-49
42        android:required="false" />
42-->src/main/AndroidManifest.xml:36:9-33
43    <uses-feature
43-->src/main/AndroidManifest.xml:37:5-39:36
44        android:name="android.hardware.location.gps"
44-->src/main/AndroidManifest.xml:38:9-53
45        android:required="false" />
45-->src/main/AndroidManifest.xml:39:9-33
46    <uses-feature
46-->src/main/AndroidManifest.xml:40:5-42:36
47        android:name="android.hardware.location.network"
47-->src/main/AndroidManifest.xml:41:9-57
48        android:required="false" />
48-->src/main/AndroidManifest.xml:42:9-33
49    <uses-feature
49-->src/main/AndroidManifest.xml:43:5-45:36
50        android:name="android.hardware.wifi"
50-->src/main/AndroidManifest.xml:44:9-45
51        android:required="false" />
51-->src/main/AndroidManifest.xml:45:9-33
52    <uses-feature
52-->src/main/AndroidManifest.xml:46:5-48:36
53        android:name="android.hardware.microphone"
53-->src/main/AndroidManifest.xml:47:9-51
54        android:required="false" />
54-->src/main/AndroidManifest.xml:48:9-33
55    <uses-feature
55-->src/main/AndroidManifest.xml:49:5-51:36
56        android:name="android.hardware.telephony"
56-->src/main/AndroidManifest.xml:50:9-50
57        android:required="false" />
57-->src/main/AndroidManifest.xml:51:9-33
58    <uses-feature
58-->src/main/AndroidManifest.xml:52:5-54:36
59        android:name="android.hardware.bluetooth"
59-->src/main/AndroidManifest.xml:53:9-50
60        android:required="false" />
60-->src/main/AndroidManifest.xml:54:9-33
61
62    <uses-permission android:name="android.permission.RECEIVE_BOOT_COMPLETED" />
62-->src/main/AndroidManifest.xml:56:5-81
62-->src/main/AndroidManifest.xml:56:22-78
63    <uses-permission android:name="android.permission.REQUEST_INSTALL_PACKAGES" />
63-->src/main/AndroidManifest.xml:57:5-83
63-->src/main/AndroidManifest.xml:57:22-80
64    <uses-permission android:name="android.permission.STORAGE" />
64-->src/main/AndroidManifest.xml:58:5-66
64-->src/main/AndroidManifest.xml:58:22-63
65
66    <uses-feature
66-->src/main/AndroidManifest.xml:60:5-62:36
67        android:glEsVersion="0x00020000"
67-->src/main/AndroidManifest.xml:61:9-41
68        android:required="false" />
68-->src/main/AndroidManifest.xml:62:9-33
69
70    <uses-permission android:name="android.permission.VIBRATE" />
70-->src/main/AndroidManifest.xml:64:5-66
70-->src/main/AndroidManifest.xml:64:22-63
71    <uses-permission android:name="android.permission.FOREGROUND_SERVICE" />
71-->src/main/AndroidManifest.xml:65:5-77
71-->src/main/AndroidManifest.xml:65:22-74
72    <uses-permission android:name="android.permission.ACCESS_WIFI_STATE" />
72-->src/main/AndroidManifest.xml:66:5-76
72-->src/main/AndroidManifest.xml:66:22-73
73
74    <application>
74-->src/main/AndroidManifest.xml:68:5-163:19
75        <provider
75-->src/main/AndroidManifest.xml:69:9-77:20
76            android:name="androidx.core.content.FileProvider"
76-->src/main/AndroidManifest.xml:70:13-62
77            android:authorities="${applicationId}.provider"
77-->src/main/AndroidManifest.xml:71:13-60
78            android:exported="false"
78-->src/main/AndroidManifest.xml:72:13-37
79            android:grantUriPermissions="true" >
79-->src/main/AndroidManifest.xml:73:13-47
80            <meta-data
80-->src/main/AndroidManifest.xml:74:13-76:58
81                android:name="android.support.FILE_PROVIDER_PATHS"
81-->src/main/AndroidManifest.xml:75:17-67
82                android:resource="@xml/provider_paths" />
82-->src/main/AndroidManifest.xml:76:17-55
83        </provider>
84        <provider
84-->src/main/AndroidManifest.xml:78:9-86:20
85            android:name="abi36_0_0.host.exp.exponent.modules.api.components.webview.RNCWebViewFileProvider"
85-->src/main/AndroidManifest.xml:79:13-109
86            android:authorities="abi36_0_0.host.exp.expoview.fileprovider"
86-->src/main/AndroidManifest.xml:80:13-75
87            android:exported="false"
87-->src/main/AndroidManifest.xml:81:13-37
88            android:grantUriPermissions="true" >
88-->src/main/AndroidManifest.xml:82:13-47
89            <meta-data
89-->src/main/AndroidManifest.xml:74:13-76:58
90                android:name="android.support.FILE_PROVIDER_PATHS"
90-->src/main/AndroidManifest.xml:75:17-67
91                android:resource="@xml/provider_paths" />
91-->src/main/AndroidManifest.xml:76:17-55
92        </provider>
93
94        <activity
94-->src/main/AndroidManifest.xml:88:9-92:75
95            android:name="abi36_0_0.expo.modules.appauth.AppAuthBrowserActivity"
95-->src/main/AndroidManifest.xml:89:13-81
96            android:exported="false"
96-->src/main/AndroidManifest.xml:90:13-37
97            android:launchMode="singleTask"
97-->src/main/AndroidManifest.xml:91:13-44
98            android:theme="@android:style/Theme.Translucent.NoTitleBar" />
98-->src/main/AndroidManifest.xml:92:13-72
99
100        <meta-data
100-->src/main/AndroidManifest.xml:94:9-96:36
101            android:name="com.google.firebase.ml.vision.DEPENDENCIES"
101-->src/main/AndroidManifest.xml:95:13-70
102            android:value="face" />
102-->src/main/AndroidManifest.xml:96:13-33
103
104        <provider
104-->src/main/AndroidManifest.xml:98:9-107:20
105            android:name="abi36_0_0.expo.modules.filesystem.FileSystemFileProvider"
105-->src/main/AndroidManifest.xml:99:13-84
106            android:authorities="abi36_0_0.expo.modules.filesystem.FileSystemFileProvider"
106-->src/main/AndroidManifest.xml:100:13-91
107            android:exported="false"
107-->src/main/AndroidManifest.xml:101:13-37
108            android:grantUriPermissions="true"
108-->src/main/AndroidManifest.xml:102:13-47
109            tools:replace="android:authorities" >
109-->src/main/AndroidManifest.xml:103:13-48
110            <meta-data
110-->src/main/AndroidManifest.xml:74:13-76:58
111                android:name="android.support.FILE_PROVIDER_PATHS"
111-->src/main/AndroidManifest.xml:75:17-67
112                android:resource="@xml/file_system_provider_paths" />
112-->src/main/AndroidManifest.xml:76:17-55
113        </provider>
114        <!-- https://developer.android.com/guide/topics/manifest/provider-element.html -->
115        <provider
115-->src/main/AndroidManifest.xml:109:9-117:20
116            android:name="abi36_0_0.expo.modules.imagepicker.ImagePickerFileProvider"
116-->src/main/AndroidManifest.xml:110:13-86
117            android:authorities="abi36_0_0.expo.modules.imagepicker.ImagePickerFileProvider"
117-->src/main/AndroidManifest.xml:111:13-93
118            android:exported="false"
118-->src/main/AndroidManifest.xml:112:13-37
119            android:grantUriPermissions="true" >
119-->src/main/AndroidManifest.xml:113:13-47
120            <meta-data
120-->src/main/AndroidManifest.xml:74:13-76:58
121                android:name="android.support.FILE_PROVIDER_PATHS"
121-->src/main/AndroidManifest.xml:75:17-67
122                android:resource="@xml/image_picker_provider_paths" />
122-->src/main/AndroidManifest.xml:76:17-55
123        </provider>
124
125        <service
125-->src/main/AndroidManifest.xml:119:9-121:40
126            android:name="abi36_0_0.expo.modules.location.services.LocationTaskService"
126-->src/main/AndroidManifest.xml:120:13-88
127            android:exported="false" />
127-->src/main/AndroidManifest.xml:121:13-37
128        <!-- https://developer.android.com/guide/topics/manifest/provider-element.html -->
129        <provider
129-->src/main/AndroidManifest.xml:123:9-131:20
130            android:name="abi36_0_0.expo.modules.mailcomposer.MailComposerFileProvider"
130-->src/main/AndroidManifest.xml:124:13-88
131            android:authorities="abi36_0_0.expo.modules.mailcomposer.MailComposerFileProvider"
131-->src/main/AndroidManifest.xml:125:13-95
132            android:exported="false"
132-->src/main/AndroidManifest.xml:126:13-37
133            android:grantUriPermissions="true" >
133-->src/main/AndroidManifest.xml:127:13-47
134            <meta-data
134-->src/main/AndroidManifest.xml:74:13-76:58
135                android:name="android.support.FILE_PROVIDER_PATHS"
135-->src/main/AndroidManifest.xml:75:17-67
136                android:resource="@xml/mail_composer_provider_paths" />
136-->src/main/AndroidManifest.xml:76:17-55
137        </provider>
138
139        <activity
139-->src/main/AndroidManifest.xml:133:9-137:75
140            android:name="abi36_0_0.expo.modules.payments.stripe.OpenBrowserActivity"
140-->src/main/AndroidManifest.xml:134:13-86
141            android:exported="false"
141-->src/main/AndroidManifest.xml:135:13-37
142            android:launchMode="singleTask"
142-->src/main/AndroidManifest.xml:136:13-44
143            android:theme="@android:style/Theme.Translucent.NoTitleBar" />
143-->src/main/AndroidManifest.xml:137:13-72
144
145        <provider
145-->src/main/AndroidManifest.xml:139:9-147:20
146            android:name="abi36_0_0.expo.modules.sharing.SharingFileProvider"
146-->src/main/AndroidManifest.xml:140:13-78
147            android:authorities="abi36_0_0.expo.modules.sharing.SharingFileProvider"
147-->src/main/AndroidManifest.xml:141:13-85
148            android:exported="false"
148-->src/main/AndroidManifest.xml:142:13-37
149            android:grantUriPermissions="true" >
149-->src/main/AndroidManifest.xml:143:13-47
150            <meta-data
150-->src/main/AndroidManifest.xml:74:13-76:58
151                android:name="android.support.FILE_PROVIDER_PATHS"
151-->src/main/AndroidManifest.xml:75:17-67
152                android:resource="@xml/sharing_provider_paths" />
152-->src/main/AndroidManifest.xml:76:17-55
153        </provider>
154
155        <receiver
155-->src/main/AndroidManifest.xml:149:9-156:20
156            android:name="abi36_0_0.expo.modules.taskManager.TaskBroadcastReceiver"
156-->src/main/AndroidManifest.xml:150:13-84
157            android:exported="false" >
157-->src/main/AndroidManifest.xml:151:13-37
158            <intent-filter>
158-->src/main/AndroidManifest.xml:152:13-155:29
159                <action android:name="abi36_0_0.expo.modules.taskManager.TaskBroadcastReceiver.INTENT_ACTION" />
159-->src/main/AndroidManifest.xml:153:17-113
159-->src/main/AndroidManifest.xml:153:25-110
160                <action android:name="android.intent.action.BOOT_COMPLETED" />
160-->src/main/AndroidManifest.xml:154:17-79
160-->src/main/AndroidManifest.xml:154:25-76
161            </intent-filter>
162        </receiver>
163
164        <service
164-->src/main/AndroidManifest.xml:158:9-162:72
165            android:name="abi36_0_0.expo.modules.taskManager.TaskJobService"
165-->src/main/AndroidManifest.xml:159:13-77
166            android:enabled="true"
166-->src/main/AndroidManifest.xml:160:13-35
167            android:exported="false"
167-->src/main/AndroidManifest.xml:161:13-37
168            android:permission="android.permission.BIND_JOB_SERVICE" />
168-->src/main/AndroidManifest.xml:162:13-69
169    </application>
170
171</manifest>